
Showing logs for build [32mcb-kubecd-environment-pr-1491-7-wc457-3[0m stage [32mfrom-build-pack[0m and container [32mstep-credential-initializer-rttpn[0m
{"level":"info","ts":1590513201.337055,"logger":"fallback-logger","caller":"logging/config.go:69","msg":"Fetch GitHub commit ID from kodata failed: open /var/run/ko/refs/heads/0.8.0-ns-support: no such file or directory"}
{"level":"info","ts":1590513201.3378668,"logger":"fallback-logger","caller":"creds-init/main.go:40","msg":"Credentials initialized."}

Showing logs for build [32mcb-kubecd-environment-pr-1491-7-wc457-3[0m stage [32mfrom-build-pack[0m and container [32mstep-working-dir-initializer-snzd5[0m
{"level":"info","ts":1590513202.7333527,"logger":"fallback-logger","caller":"logging/config.go:69","msg":"Fetch GitHub commit ID from kodata failed: open /var/run/ko/HEAD: no such file or directory"}
{"level":"info","ts":1590513202.735401,"logger":"fallback-logger","caller":"bash/main.go:64","msg":"Successfully executed command \"sh -c mkdir -p /workspace/source\"; output "}

Showing logs for build [32mcb-kubecd-environment-pr-1491-7-wc457-3[0m stage [32mfrom-build-pack[0m and container [32mstep-place-tools[0m

Showing logs for build [32mcb-kubecd-environment-pr-1491-7-wc457-3[0m stage [32mfrom-build-pack[0m and container [32mstep-git-source-cb-kubecd-environment-pr-1491-7-wc457-2tvmz[0m
{"level":"info","ts":1590513207.8851395,"logger":"fallback-logger","caller":"logging/config.go:69","msg":"Fetch GitHub commit ID from kodata failed: open /var/run/ko/refs/heads/0.8.0-ns-support: no such file or directory"}
{"level":"info","ts":1590513208.9549413,"logger":"fallback-logger","caller":"git/git.go:103","msg":"Successfully cloned https://github.com/cb-kubecd/environment-pr-1491-72-bdd-frontend-production.git @ master in path /workspace/source"}

Showing logs for build [32mcb-kubecd-environment-pr-1491-7-wc457-3[0m stage [32mfrom-build-pack[0m and container [32mstep-git-merge[0m
Using SHAs from PULL_REFS=master:48b792be2a28adfb6c57a285e564f546f8044111,1:559ac1e1c1733047813689258317dbbcec0d48c4
DEBUG: LC_ALL=C JX_LOG_LEVEL=error git fetch origin --unshallow 559ac1e1c1733047813689258317dbbcec0d48c4: 48b792be2a28adfb6c57a285e564f546f8044111:
DEBUG: ran git fetch --unshallow origin 559ac1e1c1733047813689258317dbbcec0d48c4: 48b792be2a28adfb6c57a285e564f546f8044111: in 
DEBUG: LC_ALL=C JX_LOG_LEVEL=error git branch
DEBUG: LC_ALL=C JX_LOG_LEVEL=error git checkout master
DEBUG: ran git checkout master in 
DEBUG: LC_ALL=C JX_LOG_LEVEL=error git reset --hard 48b792be2a28adfb6c57a285e564f546f8044111
DEBUG: ran git reset --hard 48b792be2a28adfb6c57a285e564f546f8044111 in 
DEBUG: LC_ALL=C JX_LOG_LEVEL=error git clean -fd .
DEBUG: ran clean --force -d . in 
DEBUG: LC_ALL=C JX_LOG_LEVEL=error git merge 559ac1e1c1733047813689258317dbbcec0d48c4
DEBUG: ran git merge 559ac1e1c1733047813689258317dbbcec0d48c4 in 
DEBUG: LC_ALL=C JX_LOG_LEVEL=error git log --format=%H%x1f%an%x1f%ae%x1f%cn%x1f%ce%x1f%s%n%b%x1e 48b792be2a28adfb6c57a285e564f546f8044111..HEAD
Merged SHA 559ac1e1c1733047813689258317dbbcec0d48c4 with commit message 'The command `** delete application` was run by max and it generated this Pull Request' into base branch master

Showing logs for build [32mcb-kubecd-environment-pr-1491-7-wc457-3[0m stage [32mfrom-build-pack[0m and container [32mstep-build-helm-build[0m
WARNING: No $CHART_REPOSITORY defined so using the default value of: http://jenkins-x-chartmuseum:8080
Adding missing Helm repo: storage.googleapis.com https://storage.googleapis.com/chartmuseum.jenkins-x.io
WARNING: No secrets found on "helm/repos" due: reading the secret "helm/repos" from vault: no secret "helm/repos" not found in vault
Read credentials for https://storage.googleapis.com/chartmuseum.jenkins-x.io from vault helm/repos
Successfully added Helm repository storage.googleapis.com.
Adding missing Helm repo: jenkins-x-chartmuseum http://jenkins-x-chartmuseum:8080
WARNING: No secrets found on "helm/repos" due: reading the secret "helm/repos" from vault: no secret "helm/repos" not found in vault
Read credentials for http://jenkins-x-chartmuseum:8080 from vault helm/repos
Successfully added Helm repository jenkins-x-chartmuseum.
WARNING: No $CHART_REPOSITORY defined so using the default value of: http://jenkins-x-chartmuseum:8080
Adding missing Helm repo: chartmuseum.jenkins-x.io http://chartmuseum.jenkins-x.io
WARNING: No secrets found on "helm/repos" due: reading the secret "helm/repos" from vault: no secret "helm/repos" not found in vault
Read credentials for http://chartmuseum.jenkins-x.io from vault helm/repos
Successfully added Helm repository chartmuseum.jenkins-x.io.
